<?xml version='1.0' encoding='UTF-8'?>
<testsuite hostname="nivesh-pc" name="TestAES" tests="3" errors="0" failures="0" skipped="0" time="-0.003">
                     <properties>
[...]
</properties>
                     <testcase classname="TestAES" name="testGetKeyvalidinput" time="-0.001">
                                                 
                                               </testcase><testcase classname="TestAES" name="testgetDecryptcipher" time="-0.001">
                                                 
                                               </testcase><testcase classname="TestAES" name="testgetEncryptcipher" time="-0.001">
                                                 
                                               </testcase>
                     <system-out><![CDATA[]]></system-out>
                     <system-err><![CDATA[]]></system-err>
                   </testsuite>